c:\users\adam\documents\visual studio 2015\projects\escaperoom\debug\vc140.pdb
c:\users\adam\documents\visual studio 2015\projects\escaperoom\debug\vc140.idb
c:\users\adam\documents\visual studio 2015\projects\escaperoom\debug\action.obj
c:\users\adam\documents\visual studio 2015\projects\escaperoom\debug\actionmanager.obj
c:\users\adam\documents\visual studio 2015\projects\escaperoom\debug\filereader.obj
c:\users\adam\documents\visual studio 2015\projects\escaperoom\debug\lineparser.obj
c:\users\adam\documents\visual studio 2015\projects\escaperoom\debug\main.obj
c:\users\adam\documents\visual studio 2015\projects\escaperoom\debug\monster.obj
c:\users\adam\documents\visual studio 2015\projects\escaperoom\debug\object.obj
c:\users\adam\documents\visual studio 2015\projects\escaperoom\debug\player.obj
c:\users\adam\documents\visual studio 2015\projects\escaperoom\debug\room.obj
c:\users\adam\documents\visual studio 2015\projects\escaperoom\debug\world.obj
c:\users\adam\documents\visual studio 2015\projects\escaperoom\debug\textgame.ilk
c:\users\adam\documents\visual studio 2015\projects\escaperoom\debug\textgame.exe
c:\users\adam\documents\visual studio 2015\projects\escaperoom\debug\textgame.pdb
c:\users\adam\documents\visual studio 2015\projects\escaperoom\debug\textgame.tlog\cl.command.1.tlog
c:\users\adam\documents\visual studio 2015\projects\escaperoom\debug\textgame.tlog\cl.read.1.tlog
c:\users\adam\documents\visual studio 2015\projects\escaperoom\debug\textgame.tlog\cl.write.1.tlog
c:\users\adam\documents\visual studio 2015\projects\escaperoom\debug\textgame.tlog\link.command.1.tlog
c:\users\adam\documents\visual studio 2015\projects\escaperoom\debug\textgame.tlog\link.read.1.tlog
c:\users\adam\documents\visual studio 2015\projects\escaperoom\debug\textgame.tlog\link.write.1.tlog
