c:\users\adam\documents\visual studio 2015\projects\escaperoom\release\vc140.pdb
c:\users\adam\documents\visual studio 2015\projects\escaperoom\release\world.obj
c:\users\adam\documents\visual studio 2015\projects\escaperoom\release\room.obj
c:\users\adam\documents\visual studio 2015\projects\escaperoom\release\player.obj
c:\users\adam\documents\visual studio 2015\projects\escaperoom\release\object.obj
c:\users\adam\documents\visual studio 2015\projects\escaperoom\release\monster.obj
c:\users\adam\documents\visual studio 2015\projects\escaperoom\release\main.obj
c:\users\adam\documents\visual studio 2015\projects\escaperoom\release\lineparser.obj
c:\users\adam\documents\visual studio 2015\projects\escaperoom\release\filereader.obj
c:\users\adam\documents\visual studio 2015\projects\escaperoom\release\actionmanager.obj
c:\users\adam\documents\visual studio 2015\projects\escaperoom\release\action.obj
c:\users\adam\documents\visual studio 2015\projects\escaperoom\release\textgame.exe
c:\users\adam\documents\visual studio 2015\projects\escaperoom\release\textgame.ipdb
c:\users\adam\documents\visual studio 2015\projects\escaperoom\release\textgame.iobj
c:\users\adam\documents\visual studio 2015\projects\escaperoom\release\textgame.pdb
c:\users\adam\documents\visual studio 2015\projects\escaperoom\release\textgame.tlog\cl.command.1.tlog
c:\users\adam\documents\visual studio 2015\projects\escaperoom\release\textgame.tlog\cl.read.1.tlog
c:\users\adam\documents\visual studio 2015\projects\escaperoom\release\textgame.tlog\cl.write.1.tlog
c:\users\adam\documents\visual studio 2015\projects\escaperoom\release\textgame.tlog\link.command.1.tlog
c:\users\adam\documents\visual studio 2015\projects\escaperoom\release\textgame.tlog\link.read.1.tlog
c:\users\adam\documents\visual studio 2015\projects\escaperoom\release\textgame.tlog\link.write.1.tlog
